<?xml version="1.0" encoding="UTF-8"?>
<!-- Generated by org.testng.reporters.JUnitXMLReporter -->
<testsuite ignored="0" hostname="DESKTOP-L6MSIP1" failures="1" tests="9" name="Test15" time="58.384" errors="0" timestamp="2021-06-10T14:22:25 IST">
  <testcase classname="io.cucumber.testng.AbstractTestNGCucumberTests" name="runScenario" time="22.92"/>
  <testcase classname="io.cucumber.testng.AbstractTestNGCucumberTests" name="runScenario" time="0.821"/>
  <testcase classname="io.cucumber.testng.AbstractTestNGCucumberTests" name="runScenario" time="8.938"/>
  <testcase classname="io.cucumber.testng.AbstractTestNGCucumberTests" name="runScenario" time="3.11"/>
  <testcase classname="io.cucumber.testng.AbstractTestNGCucumberTests" name="runScenario" time="12.284"/>
  <testcase classname="io.cucumber.testng.AbstractTestNGCucumberTests" name="runScenario" time="0.833"/>
  <testcase classname="io.cucumber.testng.AbstractTestNGCucumberTests" name="runScenario" time="3.649">
    <failure type="java.lang.AssertionError" message="expected [false] but found [true]">
      <![CDATA[java.lang.AssertionError: expected [false] but found [true]
at Second_opinion_dashboard_positive_scenarios.Second_opinion_dashboard_positive_scenarios.second_opinion_positive_dashboard_tc_006(Second_opinion_dashboard_positive_scenarios.java:141)
at ✽.User should be able to upload file from the system(file:///C:/Users/Admin/Downloads/Regression_suite-Sprint5-main%20(1)/src/main/java/Second_opinion_dashboard_positive_scenarios/Second_opinion_dashboard_positive_scenarios.feature:22)
... Removed 5 stack frames]]>
    </failure>
  </testcase> <!-- runScenario -->
  <testcase classname="io.cucumber.testng.AbstractTestNGCucumberTests" name="runScenario" time="3.332"/>
  <testcase classname="io.cucumber.testng.AbstractTestNGCucumberTests" name="runScenario" time="0.528"/>
</testsuite> <!-- Test15 -->
