<?xml version="1.0" encoding="UTF-8"?>
<testng-results ignored="0" total="6" passed="6" failed="0" skipped="0">
  <reporter-output>
  </reporter-output>
  <suite started-at="2021-06-10T14:05:21 IST" name="Suite" finished-at="2021-06-10T14:06:22 IST" duration-ms="60589">
    <groups>
      <group name="cucumber">
        <method signature="AbstractTestNGCucumberTests.runScenario(io.cucumber.testng.PickleWrapper, io.cucumber.testng.FeatureWrapper)[pri:0, instance:Runner_Files.Utilities_negative_scenarios_runner@7a675056]" name="runScenario" class="io.cucumber.testng.AbstractTestNGCucumberTests"/>
      </group> <!-- cucumber -->
    </groups>
    <test started-at="2021-06-10T14:05:21 IST" name="Test19" finished-at="2021-06-10T14:06:22 IST" duration-ms="60589">
      <class name="Runner_Files.Utilities_negative_scenarios_runner">
        <test-method is-config="true" signature="setUpClass()[pri:0, instance:Runner_Files.Utilities_negative_scenarios_runner@7a675056]" started-at="2021-06-10T14:05:21 IST" name="setUpClass" finished-at="2021-06-10T14:05:22 IST" duration-ms="873" status="PASS">
          <reporter-output>
          </reporter-output>
        </test-method> <!-- setUpClass -->
        <test-method signature="runScenario(io.cucumber.testng.PickleWrapper, io.cucumber.testng.FeatureWrapper)[pri:0, instance:Runner_Files.Utilities_negative_scenarios_runner@7a675056]" started-at="2021-06-10T14:05:22 IST" name="runScenario" description="Runs Cucumber Scenarios" data-provider="scenarios" finished-at="2021-06-10T14:06:00 IST" duration-ms="37709" status="PASS">
          <params>
            <param index="0">
              <value>
                <![CDATA["Validate that the user is able to navigate to Utilities screen"]]>
              </value>
            </param>
            <param index="1">
              <value>
                <![CDATA["Optional[User should be able to click on the Utilities tab and able to use all the services under Utilities]"]]>
              </value>
            </param>
          </params>
          <reporter-output>
          </reporter-output>
        </test-method> <!-- runScenario -->
        <test-method signature="runScenario(io.cucumber.testng.PickleWrapper, io.cucumber.testng.FeatureWrapper)[pri:0, instance:Runner_Files.Utilities_negative_scenarios_runner@7a675056]" started-at="2021-06-10T14:06:00 IST" name="runScenario" description="Runs Cucumber Scenarios" data-provider="scenarios" finished-at="2021-06-10T14:06:02 IST" duration-ms="2176" status="PASS">
          <params>
            <param index="0">
              <value>
                <![CDATA["Validate that user gets validation message on leaving fields blank in the Add Card page"]]>
              </value>
            </param>
            <param index="1">
              <value>
                <![CDATA["Optional[User should be able to click on the Utilities tab and able to use all the services under Utilities]"]]>
              </value>
            </param>
          </params>
          <reporter-output>
          </reporter-output>
        </test-method> <!-- runScenario -->
        <test-method signature="runScenario(io.cucumber.testng.PickleWrapper, io.cucumber.testng.FeatureWrapper)[pri:0, instance:Runner_Files.Utilities_negative_scenarios_runner@7a675056]" started-at="2021-06-10T14:06:02 IST" name="runScenario" description="Runs Cucumber Scenarios" data-provider="scenarios" finished-at="2021-06-10T14:06:04 IST" duration-ms="2569" status="PASS">
          <params>
            <param index="0">
              <value>
                <![CDATA["Validate that user gets validation message on entering invalid details in the Add Card page"]]>
              </value>
            </param>
            <param index="1">
              <value>
                <![CDATA["Optional[User should be able to click on the Utilities tab and able to use all the services under Utilities]"]]>
              </value>
            </param>
          </params>
          <reporter-output>
          </reporter-output>
        </test-method> <!-- runScenario -->
        <test-method signature="runScenario(io.cucumber.testng.PickleWrapper, io.cucumber.testng.FeatureWrapper)[pri:0, instance:Runner_Files.Utilities_negative_scenarios_runner@7a675056]" started-at="2021-06-10T14:06:04 IST" name="runScenario" description="Runs Cucumber Scenarios" data-provider="scenarios" finished-at="2021-06-10T14:06:07 IST" duration-ms="2518" status="PASS">
          <params>
            <param index="0">
              <value>
                <![CDATA["Validate that user gets validation message on leaving fields blank in the Add Bank page"]]>
              </value>
            </param>
            <param index="1">
              <value>
                <![CDATA["Optional[User should be able to click on the Utilities tab and able to use all the services under Utilities]"]]>
              </value>
            </param>
          </params>
          <reporter-output>
          </reporter-output>
        </test-method> <!-- runScenario -->
        <test-method signature="runScenario(io.cucumber.testng.PickleWrapper, io.cucumber.testng.FeatureWrapper)[pri:0, instance:Runner_Files.Utilities_negative_scenarios_runner@7a675056]" started-at="2021-06-10T14:06:07 IST" name="runScenario" description="Runs Cucumber Scenarios" data-provider="scenarios" finished-at="2021-06-10T14:06:12 IST" duration-ms="5638" status="PASS">
          <params>
            <param index="0">
              <value>
                <![CDATA["Validate that user gets validation message on entering invalid details in the Add Bank page"]]>
              </value>
            </param>
            <param index="1">
              <value>
                <![CDATA["Optional[User should be able to click on the Utilities tab and able to use all the services under Utilities]"]]>
              </value>
            </param>
          </params>
          <reporter-output>
          </reporter-output>
        </test-method> <!-- runScenario -->
        <test-method signature="runScenario(io.cucumber.testng.PickleWrapper, io.cucumber.testng.FeatureWrapper)[pri:0, instance:Runner_Files.Utilities_negative_scenarios_runner@7a675056]" started-at="2021-06-10T14:06:12 IST" name="runScenario" description="Runs Cucumber Scenarios" data-provider="scenarios" finished-at="2021-06-10T14:06:19 IST" duration-ms="6446" status="PASS">
          <params>
            <param index="0">
              <value>
                <![CDATA["Validate that user is not able to redeem when the balance is less than 2000"]]>
              </value>
            </param>
            <param index="1">
              <value>
                <![CDATA["Optional[User should be able to click on the Utilities tab and able to use all the services under Utilities]"]]>
              </value>
            </param>
          </params>
          <reporter-output>
          </reporter-output>
        </test-method> <!-- runScenario -->
        <test-method is-config="true" signature="tearDownClass()[pri:0, instance:Runner_Files.Utilities_negative_scenarios_runner@7a675056]" started-at="2021-06-10T14:06:19 IST" name="tearDownClass" finished-at="2021-06-10T14:06:22 IST" duration-ms="2609" status="PASS">
          <reporter-output>
          </reporter-output>
        </test-method> <!-- tearDownClass -->
      </class> <!-- Runner_Files.Utilities_negative_scenarios_runner -->
    </test> <!-- Test19 -->
  </suite> <!-- Suite -->
</testng-results>
